<?xml version="1.0" encoding="UTF-8"?>
<testng-results skipped="0" failed="0" ignored="0" total="1" passed="1">
  <reporter-output>
  </reporter-output>
  <suite name="Suite" duration-ms="72196" started-at="2020-05-13T02:54:39Z" finished-at="2020-05-13T02:55:51Z">
    <groups>
      <group name="cucumber">
        <method signature="AbstractTestNGCucumberTests.feature(cucumber.api.testng.CucumberFeatureWrapper)[pri:0, instance:runner.TestRunner@5d624da6]" name="feature" class="cucumber.api.testng.AbstractTestNGCucumberTests"/>
      </group> <!-- cucumber -->
    </groups>
    <test name="Test" duration-ms="72196" started-at="2020-05-13T02:54:39Z" finished-at="2020-05-13T02:55:51Z">
      <class name="runner.TestRunner">
        <test-method status="PASS" signature="setUpClass()[pri:0, instance:runner.TestRunner@5d624da6]" name="setUpClass" is-config="true" duration-ms="473" started-at="2020-05-13T02:54:39Z" finished-at="2020-05-13T02:54:39Z">
          <reporter-output>
          </reporter-output>
        </test-method> <!-- setUpClass -->
        <test-method status="PASS" signature="feature(cucumber.api.testng.CucumberFeatureWrapper)[pri:0, instance:runner.TestRunner@5d624da6]" name="feature" duration-ms="71391" started-at="2020-05-13T02:54:40Z" description="Runs Cucumber Feature" data-provider="features" finished-at="2020-05-13T02:55:51Z">
          <params>
            <param index="0">
              <value>
                <![CDATA[Registering Demo Automation Form]]>
              </value>
            </param>
          </params>
          <reporter-output>
          </reporter-output>
        </test-method> <!-- feature -->
        <test-method status="PASS" signature="tearDownClass()[pri:0, instance:runner.TestRunner@5d624da6]" name="tearDownClass" is-config="true" duration-ms="18" started-at="2020-05-13T02:55:51Z" finished-at="2020-05-13T02:55:51Z">
          <reporter-output>
          </reporter-output>
        </test-method> <!-- tearDownClass -->
      </class> <!-- runner.TestRunner -->
    </test> <!-- Test -->
  </suite> <!-- Suite -->
</testng-results>
